0 info it worked if it ends with ok
1 verbose cli [ 'C:\\Program Files\\nodejs\\\\node.exe',
1 verbose cli   'C:\\Program Files\\nodejs\\node_modules\\npm\\bin\\npm-cli.js',
1 verbose cli   'install' ]
2 info using npm@1.2.10
3 info using node@v0.8.19
4 verbose node symlink C:\Program Files\nodejs\\node.exe
5 verbose read json C:\Users\Ankith\workspace\Shopping Website - REST\package.json
6 error install Couldn't read dependencies
7 error Error: Invalid name: "Shopping Website - REST"
7 error     at validName (C:\Program Files\nodejs\node_modules\npm\node_modules\read-package-json\read-json.js:563:40)
7 error     at final (C:\Program Files\nodejs\node_modules\npm\node_modules\read-package-json\read-json.js:340:27)
7 error     at C:\Program Files\nodejs\node_modules\npm\node_modules\read-package-json\read-json.js:140:33
7 error     at cb (C:\Program Files\nodejs\node_modules\npm\node_modules\slide\lib\async-map.js:48:11)
7 error     at C:\Program Files\nodejs\node_modules\npm\node_modules\read-package-json\read-json.js:270:40
7 error     at fs.readFile (fs.js:176:14)
7 error     at Object.oncomplete (fs.js:297:15)
8 error If you need help, you may report this log at:
8 error     <http://github.com/isaacs/npm/issues>
8 error or email it to:
8 error     <npm-@googlegroups.com>
9 error System Windows_NT 6.2.9200
10 error command "C:\\Program Files\\nodejs\\\\node.exe" "C:\\Program Files\\nodejs\\node_modules\\npm\\bin\\npm-cli.js" "install"
11 error cwd C:\Users\Ankith\workspace\Shopping Website - REST
12 error node -v v0.8.19
13 error npm -v 1.2.10
14 verbose exit [ 1, true ]
